<?xml version="1.0" encoding="UTF-8"?>
<!-- Generated by org.testng.reporters.JUnitReportReporter -->
<testsuite hostname="Sulakhe-Family5" failures="0" tests="1" name="testSwitch.testCase" time="22.761" errors="0" timestamp="2024-06-29T20:10:40 IST" skipped="0">
  <testcase classname="testSwitch.testCase" name="login" time="22.761"/>
  <system-out/>
</testsuite> <!-- testSwitch.testCase -->
